# JRE version: OpenJDK Runtime Environment (8.0_181-b13) (build 1.8.0_181-8u181-b13-0ubuntu0.16.04.1-b13)
# Java VM: OpenJDK 64-Bit Server VM (25.181-b13 mixed mode linux-amd64 compressed oops)
Heap:
 def new generation   total 4992K, used 4898K [0x00000000c0000000, 0x00000000c0560000, 0x00000000d5550000)
  eden space 4480K,  98% used [0x00000000c0000000, 0x00000000c0452018, 0x00000000c0460000)
  from space 512K,  92% used [0x00000000c0460000, 0x00000000c04d6a50, 0x00000000c04e0000)
  to   space 512K,   0% used [0x00000000c04e0000, 0x00000000c04e0000, 0x00000000c0560000)
 tenured generation   total 10944K, used 8137K [0x00000000d5550000, 0x00000000d6000000, 0x0000000100000000)
   the space 10944K,  74% used [0x00000000d5550000, 0x00000000d5d42660, 0x00000000d5d42800, 0x00000000d6000000)
 Metaspace       used 30128K, capacity 30318K, committed 30592K, reserved 1075200K
  class space    used 4082K, capacity 4172K, committed 4224K, reserved 1048576K
GC Heap History (10 events):
Event: 4.491 GC heap before
{Heap before GC invocations=52 (full 1):
 def new generation   total 4992K, used 4791K [0x00000000c0000000, 0x00000000c0560000, 0x00000000d5550000)
  eden space 4480K, 100% used [0x00000000c0000000, 0x00000000c0460000, 0x00000000c0460000)
  from space 512K,  60% used [0x00000000c04e0000, 0x00000000c052dd60, 0x00000000c0560000)
  to   space 512K,   0% used [0x00000000c0460000, 0x00000000c0460000, 0x00000000c04e0000)
 tenured generation   total 10944K, used 7671K [0x00000000d5550000, 0x00000000d6000000, 0x0000000100000000)
   the space 10944K,  70% used [0x00000000d5550000, 0x00000000d5ccdc70, 0x00000000d5ccde00, 0x00000000d6000000)
 Metaspace       used 28159K, capacity 28398K, committed 28672K, reserved 1073152K
  class space    used 3878K, capacity 3980K, committed 4096K, reserved 1048576K
Event: 4.493 GC heap after
Heap after GC invocations=53 (full 1):
 def new generation   total 4992K, used 343K [0x00000000c0000000, 0x00000000c0560000, 0x00000000d5550000)
  eden space 4480K,   0% used [0x00000000c0000000, 0x00000000c0000000, 0x00000000c0460000)
  from space 512K,  67% used [0x00000000c0460000, 0x00000000c04b5fd8, 0x00000000c04e0000)
  to   space 512K,   0% used [0x00000000c04e0000, 0x00000000c04e0000, 0x00000000c0560000)
 tenured generation   total 10944K, used 7688K [0x00000000d5550000, 0x00000000d6000000, 0x0000000100000000)
   the space 10944K,  70% used [0x00000000d5550000, 0x00000000d5cd23e8, 0x00000000d5cd2400, 0x00000000d6000000)
 Metaspace       used 28159K, capacity 28398K, committed 28672K, reserved 1073152K
  class space    used 3878K, capacity 3980K, committed 4096K, reserved 1048576K
}
Event: 4.606 GC heap before
{Heap before GC invocations=53 (full 1):
 def new generation   total 4992K, used 4823K [0x00000000c0000000, 0x00000000c0560000, 0x00000000d5550000)
  eden space 4480K, 100% used [0x00000000c0000000, 0x00000000c0460000, 0x00000000c0460000)
  from space 512K,  67% used [0x00000000c0460000, 0x00000000c04b5fd8, 0x00000000c04e0000)
  to   space 512K,   0% used [0x00000000c04e0000, 0x00000000c04e0000, 0x00000000c0560000)
 tenured generation   total 10944K, used 7688K [0x00000000d5550000, 0x00000000d6000000, 0x0000000100000000)
   the space 10944K,  70% used [0x00000000d5550000, 0x00000000d5cd23e8, 0x00000000d5cd2400, 0x00000000d6000000)
 Metaspace       used 28419K, capacity 28622K, committed 28928K, reserved 1075200K
  class space    used 3920K, capacity 4012K, committed 4096K, reserved 1048576K
Event: 4.623 GC heap after
Heap after GC invocations=54 (full 1):
 def new generation   total 4992K, used 366K [0x00000000c0000000, 0x00000000c0560000, 0x00000000d5550000)
  eden space 4480K,   0% used [0x00000000c0000000, 0x00000000c0000000, 0x00000000c0460000)
  from space 512K,  71% used [0x00000000c04e0000, 0x00000000c053b800, 0x00000000c0560000)
  to   space 512K,   0% used [0x00000000c0460000, 0x00000000c0460000, 0x00000000c04e0000)
 tenured generation   total 10944K, used 7763K [0x00000000d5550000, 0x00000000d6000000, 0x0000000100000000)
   the space 10944K,  70% used [0x00000000d5550000, 0x00000000d5ce4e78, 0x00000000d5ce5000, 0x00000000d6000000)
 Metaspace       used 28419K, capacity 28622K, committed 28928K, reserved 1075200K
  class space    used 3920K, capacity 4012K, committed 4096K, reserved 1048576K
}
Event: 4.695 GC heap before
{Heap before GC invocations=54 (full 1):
 def new generation   total 4992K, used 4846K [0x00000000c0000000, 0x00000000c0560000, 0x00000000d5550000)
  eden space 4480K, 100% used [0x00000000c0000000, 0x00000000c0460000, 0x00000000c0460000)
  from space 512K,  71% used [0x00000000c04e0000, 0x00000000c053b800, 0x00000000c0560000)
  to   space 512K,   0% used [0x00000000c0460000, 0x00000000c0460000, 0x00000000c04e0000)
 tenured generation   total 10944K, used 7763K [0x00000000d5550000, 0x00000000d6000000, 0x0000000100000000)
   the space 10944K,  70% used [0x00000000d5550000, 0x00000000d5ce4e78, 0x00000000d5ce5000, 0x00000000d6000000)
 Metaspace       used 28808K, capacity 29038K, committed 29440K, reserved 1075200K
  class space    used 3949K, capacity 4044K, committed 4096K, reserved 1048576K
Event: 4.701 GC heap after
Heap after GC invocations=55 (full 1):
 def new generation   total 4992K, used 464K [0x00000000c0000000, 0x00000000c0560000, 0x00000000d5550000)
  eden space 4480K,   0% used [0x00000000c0000000, 0x00000000c0000000, 0x00000000c0460000)
  from space 512K,  90% used [0x00000000c0460000, 0x00000000c04d4228, 0x00000000c04e0000)
  to   space 512K,   0% used [0x00000000c04e0000, 0x00000000c04e0000, 0x00000000c0560000)
 tenured generation   total 10944K, used 7902K [0x00000000d5550000, 0x00000000d6000000, 0x0000000100000000)
   the space 10944K,  72% used [0x00000000d5550000, 0x00000000d5d07bf0, 0x00000000d5d07c00, 0x00000000d6000000)
 Metaspace       used 28808K, capacity 29038K, committed 29440K, reserved 1075200K
  class space    used 3949K, capacity 4044K, committed 4096K, reserved 1048576K
}
Event: 4.780 GC heap before
{Heap before GC invocations=55 (full 1):
 def new generation   total 4992K, used 4944K [0x00000000c0000000, 0x00000000c0560000, 0x00000000d5550000)
  eden space 4480K, 100% used [0x00000000c0000000, 0x00000000c0460000, 0x00000000c0460000)
  from space 512K,  90% used [0x00000000c0460000, 0x00000000c04d4228, 0x00000000c04e0000)
  to   space 512K,   0% used [0x00000000c04e0000, 0x00000000c04e0000, 0x00000000c0560000)
 tenured generation   total 10944K, used 7902K [0x00000000d5550000, 0x00000000d6000000, 0x0000000100000000)
   the space 10944K,  72% used [0x00000000d5550000, 0x00000000d5d07bf0, 0x00000000d5d07c00, 0x00000000d6000000)
 Metaspace       used 29219K, capacity 29454K, committed 29696K, reserved 1075200K
  class space    used 3988K, capacity 4076K, committed 4096K, reserved 1048576K
Event: 4.782 GC heap after
Heap after GC invocations=56 (full 1):
 def new generation   total 4992K, used 477K [0x00000000c0000000, 0x00000000c0560000, 0x00000000d5550000)
  eden space 4480K,   0% used [0x00000000c0000000, 0x00000000c0000000, 0x00000000c0460000)
  from space 512K,  93% used [0x00000000c04e0000, 0x00000000c0557770, 0x00000000c0560000)
  to   space 512K,   0% used [0x00000000c0460000, 0x00000000c0460000, 0x00000000c04e0000)
 tenured generation   total 10944K, used 8022K [0x00000000d5550000, 0x00000000d6000000, 0x0000000100000000)
   the space 10944K,  73% used [0x00000000d5550000, 0x00000000d5d25850, 0x00000000d5d25a00, 0x00000000d6000000)
 Metaspace       used 29219K, capacity 29454K, committed 29696K, reserved 1075200K
  class space    used 3988K, capacity 4076K, committed 4096K, reserved 1048576K
}
Event: 4.887 GC heap before
{Heap before GC invocations=56 (full 1):
 def new generation   total 4992K, used 4957K [0x00000000c0000000, 0x00000000c0560000, 0x00000000d5550000)
  eden space 4480K, 100% used [0x00000000c0000000, 0x00000000c0460000, 0x00000000c0460000)
  from space 512K,  93% used [0x00000000c04e0000, 0x00000000c0557770, 0x00000000c0560000)
  to   space 512K,   0% used [0x00000000c0460000, 0x00000000c0460000, 0x00000000c04e0000)
 tenured generation   total 10944K, used 8022K [0x00000000d5550000, 0x00000000d6000000, 0x0000000100000000)
   the space 10944K,  73% used [0x00000000d5550000, 0x00000000d5d25850, 0x00000000d5d25a00, 0x00000000d6000000)
 Metaspace       used 29599K, capacity 29806K, committed 30080K, reserved 1075200K
  class space    used 4032K, capacity 4108K, committed 4224K, reserved 1048576K
Event: 4.893 GC heap after
Heap after GC invocations=57 (full 1):
 def new generation   total 4992K, used 474K [0x00000000c0000000, 0x00000000c0560000, 0x00000000d5550000)
  eden space 4480K,   0% used [0x00000000c0000000, 0x00000000c0000000, 0x00000000c0460000)
  from space 512K,  92% used [0x00000000c0460000, 0x00000000c04d6a50, 0x00000000c04e0000)
  to   space 512K,   0% used [0x00000000c04e0000, 0x00000000c04e0000, 0x00000000c0560000)
 tenured generation   total 10944K, used 8137K [0x00000000d5550000, 0x00000000d6000000, 0x0000000100000000)
   the space 10944K,  74% used [0x00000000d5550000, 0x00000000d5d42660, 0x00000000d5d42800, 0x00000000d6000000)
 Metaspace       used 29599K, capacity 29806K, committed 30080K, reserved 1075200K
  class space    used 4032K, capacity 4108K, committed 4224K, reserved 1048576K
}

